{"C:\\Users\\JFangW\\Documents\\ShopMart-T\\Server\\server.js": {"path":"C:\\Users\\JFangW\\Documents\\ShopMart-T\\Server\\server.js","statementMap":{"0":{"start":{"line":1,"column":15},"end":{"line":1,"column":32}},"1":{"start":{"line":2,"column":16},"end":{"line":2,"column":34}},"2":{"start":{"line":3,"column":15},"end":{"line":3,"column":32}},"3":{"start":{"line":4,"column":17},"end":{"line":4,"column":36}},"4":{"start":{"line":5,"column":15},"end":{"line":5,"column":32}},"5":{"start":{"line":6,"column":14},"end":{"line":6,"column":41}},"6":{"start":{"line":7,"column":76},"end":{"line":7,"column":105}},"7":{"start":{"line":8,"column":25},"end":{"line":8,"column":65}},"8":{"start":{"line":10,"column":0},"end":{"line":10,"column":16}},"9":{"start":{"line":12,"column":12},"end":{"line":12,"column":21}},"10":{"start":{"line":13,"column":15},"end":{"line":13,"column":25}},"11":{"start":{"line":14,"column":13},"end":{"line":14,"column":39}},"12":{"start":{"line":16,"column":19},"end":{"line":16,"column":42}},"13":{"start":{"line":17,"column":21},"end":{"line":17,"column":46}},"14":{"start":{"line":18,"column":18},"end":{"line":18,"column":40}},"15":{"start":{"line":19,"column":24},"end":{"line":19,"column":53}},"16":{"start":{"line":21,"column":11},"end":{"line":27,"column":2}},"17":{"start":{"line":29,"column":0},"end":{"line":29,"column":45}},"18":{"start":{"line":30,"column":11},"end":{"line":30,"column":30}},"19":{"start":{"line":33,"column":0},"end":{"line":33,"column":39}},"20":{"start":{"line":34,"column":0},"end":{"line":34,"column":30}},"21":{"start":{"line":35,"column":0},"end":{"line":35,"column":65}},"22":{"start":{"line":37,"column":0},"end":{"line":37,"column":47}},"23":{"start":{"line":38,"column":0},"end":{"line":38,"column":45}},"24":{"start":{"line":39,"column":0},"end":{"line":39,"column":24}},"25":{"start":{"line":41,"column":0},"end":{"line":64,"column":3}},"26":{"start":{"line":54,"column":4},"end":{"line":63,"column":5}},"27":{"start":{"line":55,"column":22},"end":{"line":57,"column":10}},"28":{"start":{"line":56,"column":12},"end":{"line":56,"column":22}},"29":{"start":{"line":59,"column":8},"end":{"line":59,"column":38}},"30":{"start":{"line":61,"column":8},"end":{"line":61,"column":25}},"31":{"start":{"line":62,"column":8},"end":{"line":62,"column":43}},"32":{"start":{"line":66,"column":0},"end":{"line":130,"column":3}},"33":{"start":{"line":80,"column":4},"end":{"line":129,"column":5}},"34":{"start":{"line":81,"column":8},"end":{"line":83,"column":9}},"35":{"start":{"line":82,"column":12},"end":{"line":82,"column":58}},"36":{"start":{"line":85,"column":21},"end":{"line":88,"column":9}},"37":{"start":{"line":89,"column":24},"end":{"line":89,"column":52}},"38":{"start":{"line":90,"column":20},"end":{"line":90,"column":70}},"39":{"start":{"line":92,"column":8},"end":{"line":125,"column":11}},"40":{"start":{"line":94,"column":16},"end":{"line":94,"column":42}},"41":{"start":{"line":95,"column":16},"end":{"line":95,"column":22}},"42":{"start":{"line":99,"column":16},"end":{"line":123,"column":17}},"43":{"start":{"line":100,"column":33},"end":{"line":102,"column":22}},"44":{"start":{"line":101,"column":24},"end":{"line":101,"column":34}},"45":{"start":{"line":104,"column":20},"end":{"line":115,"column":21}},"46":{"start":{"line":105,"column":24},"end":{"line":105,"column":58}},"47":{"start":{"line":107,"column":24},"end":{"line":114,"column":27}},"48":{"start":{"line":117,"column":20},"end":{"line":117,"column":36}},"49":{"start":{"line":118,"column":20},"end":{"line":122,"column":21}},"50":{"start":{"line":119,"column":24},"end":{"line":119,"column":104}},"51":{"start":{"line":121,"column":24},"end":{"line":121,"column":116}},"52":{"start":{"line":127,"column":8},"end":{"line":127,"column":25}},"53":{"start":{"line":128,"column":8},"end":{"line":128,"column":43}},"54":{"start":{"line":132,"column":0},"end":{"line":176,"column":3}},"55":{"start":{"line":133,"column":4},"end":{"line":175,"column":5}},"56":{"start":{"line":134,"column":22},"end":{"line":141,"column":9}},"57":{"start":{"line":143,"column":8},"end":{"line":147,"column":9}},"58":{"start":{"line":144,"column":12},"end":{"line":146,"column":13}},"59":{"start":{"line":145,"column":16},"end":{"line":145,"column":43}},"60":{"start":{"line":149,"column":8},"end":{"line":151,"column":11}},"61":{"start":{"line":150,"column":12},"end":{"line":150,"column":22}},"62":{"start":{"line":153,"column":23},"end":{"line":158,"column":9}},"63":{"start":{"line":159,"column":24},"end":{"line":159,"column":52}},"64":{"start":{"line":161,"column":8},"end":{"line":161,"column":52}},"65":{"start":{"line":163,"column":22},"end":{"line":165,"column":10}},"66":{"start":{"line":164,"column":12},"end":{"line":164,"column":22}},"67":{"start":{"line":167,"column":8},"end":{"line":167,"column":38}},"68":{"start":{"line":169,"column":8},"end":{"line":169,"column":25}},"69":{"start":{"line":170,"column":8},"end":{"line":174,"column":9}},"70":{"start":{"line":171,"column":12},"end":{"line":171,"column":47}},"71":{"start":{"line":173,"column":12},"end":{"line":173,"column":47}},"72":{"start":{"line":179,"column":0},"end":{"line":179,"column":67}},"73":{"start":{"line":180,"column":0},"end":{"line":182,"column":3}},"74":{"start":{"line":181,"column":4},"end":{"line":181,"column":44}},"75":{"start":{"line":185,"column":0},"end":{"line":193,"column":3}},"76":{"start":{"line":186,"column":4},"end":{"line":191,"column":6}},"77":{"start":{"line":188,"column":12},"end":{"line":188,"column":73}},"78":{"start":{"line":189,"column":12},"end":{"line":189,"column":28}},"79":{"start":{"line":192,"column":4},"end":{"line":192,"column":20}},"80":{"start":{"line":196,"column":0},"end":{"line":196,"column":46}},"81":{"start":{"line":197,"column":13},"end":{"line":197,"column":29}},"82":{"start":{"line":199,"column":0},"end":{"line":202,"column":2}},"83":{"start":{"line":200,"column":4},"end":{"line":200,"column":32}},"84":{"start":{"line":201,"column":4},"end":{"line":201,"column":19}},"85":{"start":{"line":204,"column":0},"end":{"line":204,"column":21}}},"fnMap":{"0":{"name":"(anonymous_0)","decl":{"start":{"line":41,"column":18},"end":{"line":41,"column":19}},"loc":{"start":{"line":41,"column":42},"end":{"line":64,"column":1}},"line":41},"1":{"name":"(anonymous_1)","decl":{"start":{"line":55,"column":49},"end":{"line":55,"column":50}},"loc":{"start":{"line":55,"column":58},"end":{"line":57,"column":9}},"line":55},"2":{"name":"(anonymous_2)","decl":{"start":{"line":66,"column":22},"end":{"line":66,"column":23}},"loc":{"start":{"line":66,"column":46},"end":{"line":130,"column":1}},"line":66},"3":{"name":"(anonymous_3)","decl":{"start":{"line":93,"column":33},"end":{"line":93,"column":34}},"loc":{"start":{"line":93,"column":39},"end":{"line":96,"column":13}},"line":93},"4":{"name":"(anonymous_4)","decl":{"start":{"line":98,"column":26},"end":{"line":98,"column":27}},"loc":{"start":{"line":98,"column":38},"end":{"line":124,"column":13}},"line":98},"5":{"name":"(anonymous_5)","decl":{"start":{"line":100,"column":80},"end":{"line":100,"column":81}},"loc":{"start":{"line":100,"column":89},"end":{"line":102,"column":21}},"line":100},"6":{"name":"(anonymous_6)","decl":{"start":{"line":132,"column":42},"end":{"line":132,"column":43}},"loc":{"start":{"line":132,"column":66},"end":{"line":176,"column":1}},"line":132},"7":{"name":"(anonymous_7)","decl":{"start":{"line":149,"column":42},"end":{"line":149,"column":43}},"loc":{"start":{"line":149,"column":51},"end":{"line":151,"column":9}},"line":149},"8":{"name":"(anonymous_8)","decl":{"start":{"line":163,"column":49},"end":{"line":163,"column":50}},"loc":{"start":{"line":163,"column":58},"end":{"line":165,"column":9}},"line":163},"9":{"name":"(anonymous_9)","decl":{"start":{"line":180,"column":18},"end":{"line":180,"column":19}},"loc":{"start":{"line":180,"column":24},"end":{"line":182,"column":1}},"line":180},"10":{"name":"(anonymous_10)","decl":{"start":{"line":185,"column":21},"end":{"line":185,"column":22}},"loc":{"start":{"line":185,"column":31},"end":{"line":193,"column":1}},"line":185},"11":{"name":"(anonymous_11)","decl":{"start":{"line":187,"column":8},"end":{"line":187,"column":9}},"loc":{"start":{"line":187,"column":14},"end":{"line":190,"column":9}},"line":187},"12":{"name":"(anonymous_12)","decl":{"start":{"line":199,"column":18},"end":{"line":199,"column":19}},"loc":{"start":{"line":199,"column":24},"end":{"line":202,"column":1}},"line":199}},"branchMap":{"0":{"loc":{"start":{"line":14,"column":13},"end":{"line":14,"column":39}},"type":"binary-expr","locations":[{"start":{"line":14,"column":13},"end":{"line":14,"column":29}},{"start":{"line":14,"column":33},"end":{"line":14,"column":39}}],"line":14},"1":{"loc":{"start":{"line":81,"column":8},"end":{"line":83,"column":9}},"type":"if","locations":[{"start":{"line":81,"column":8},"end":{"line":83,"column":9}},{"start":{},"end":{}}],"line":81},"2":{"loc":{"start":{"line":104,"column":20},"end":{"line":115,"column":21}},"type":"if","locations":[{"start":{"line":104,"column":20},"end":{"line":115,"column":21}},{"start":{"line":106,"column":25},"end":{"line":115,"column":21}}],"line":104},"3":{"loc":{"start":{"line":118,"column":20},"end":{"line":122,"column":21}},"type":"if","locations":[{"start":{"line":118,"column":20},"end":{"line":122,"column":21}},{"start":{"line":120,"column":25},"end":{"line":122,"column":21}}],"line":118},"4":{"loc":{"start":{"line":144,"column":12},"end":{"line":146,"column":13}},"type":"if","locations":[{"start":{"line":144,"column":12},"end":{"line":146,"column":13}},{"start":{},"end":{}}],"line":144},"5":{"loc":{"start":{"line":144,"column":15},"end":{"line":144,"column":61}},"type":"binary-expr","locations":[{"start":{"line":144,"column":15},"end":{"line":144,"column":33}},{"start":{"line":144,"column":36},"end":{"line":144,"column":61}}],"line":144},"6":{"loc":{"start":{"line":170,"column":8},"end":{"line":174,"column":9}},"type":"if","locations":[{"start":{"line":170,"column":8},"end":{"line":174,"column":9}},{"start":{"line":172,"column":13},"end":{"line":174,"column":9}}],"line":170}},"s":{"0":1,"1":1,"2":1,"3":1,"4":1,"5":1,"6":1,"7":1,"8":1,"9":1,"10":1,"11":1,"12":1,"13":1,"14":1,"15":1,"16":1,"17":1,"18":1,"19":1,"20":1,"21":1,"22":1,"23":1,"24":1,"25":1,"26":2,"27":2,"28":0,"29":1,"30":1,"31":1,"32":1,"33":3,"34":3,"35":0,"36":3,"37":3,"38":3,"39":3,"40":1,"41":1,"42":2,"43":2,"44":0,"45":1,"46":1,"47":0,"48":2,"49":2,"50":1,"51":1,"52":0,"53":0,"54":1,"55":5,"56":5,"57":5,"58":20,"59":2,"60":3,"61":0,"62":2,"63":2,"64":2,"65":2,"66":0,"67":1,"68":4,"69":4,"70":2,"71":2,"72":1,"73":1,"74":0,"75":1,"76":0,"77":0,"78":0,"79":0,"80":1,"81":1,"82":1,"83":1,"84":1,"85":1},"f":{"0":2,"1":0,"2":3,"3":1,"4":2,"5":0,"6":5,"7":0,"8":0,"9":0,"10":0,"11":0,"12":1},"b":{"0":[1,1],"1":[0,3],"2":[1,0],"3":[1,1],"4":[2,18],"5":[20,19],"6":[2,2]},"_coverageSchema":"1a1c01bbd47fc00a2c39e90264f33305004495a9","hash":"9d54a607d5ee3c00812289f5c948fd18d74ca2bf"}
,"C:\\Users\\JFangW\\Documents\\ShopMart-T\\Server\\models\\item.js": {"path":"C:\\Users\\JFangW\\Documents\\ShopMart-T\\Server\\models\\item.js","statementMap":{"0":{"start":{"line":1,"column":17},"end":{"line":1,"column":36}},"1":{"start":{"line":3,"column":17},"end":{"line":33,"column":2}},"2":{"start":{"line":35,"column":0},"end":{"line":35,"column":53}}},"fnMap":{},"branchMap":{},"s":{"0":1,"1":1,"2":1},"f":{},"b":{},"_coverageSchema":"1a1c01bbd47fc00a2c39e90264f33305004495a9","hash":"31b7ceeecd93b845f67902666406e1e189d174ba"}
}
