{"C:\\Users\\JFangW\\Documents\\ShopMart-T\\Server\\server.js": {"path":"C:\\Users\\JFangW\\Documents\\ShopMart-T\\Server\\server.js","statementMap":{"0":{"start":{"line":1,"column":15},"end":{"line":1,"column":32}},"1":{"start":{"line":2,"column":16},"end":{"line":2,"column":34}},"2":{"start":{"line":3,"column":17},"end":{"line":3,"column":36}},"3":{"start":{"line":4,"column":14},"end":{"line":4,"column":41}},"4":{"start":{"line":5,"column":76},"end":{"line":5,"column":105}},"5":{"start":{"line":6,"column":25},"end":{"line":6,"column":65}},"6":{"start":{"line":8,"column":0},"end":{"line":8,"column":16}},"7":{"start":{"line":10,"column":12},"end":{"line":10,"column":21}},"8":{"start":{"line":11,"column":13},"end":{"line":11,"column":39}},"9":{"start":{"line":13,"column":19},"end":{"line":13,"column":42}},"10":{"start":{"line":14,"column":21},"end":{"line":14,"column":46}},"11":{"start":{"line":15,"column":18},"end":{"line":15,"column":40}},"12":{"start":{"line":16,"column":24},"end":{"line":16,"column":53}},"13":{"start":{"line":18,"column":11},"end":{"line":24,"column":2}},"14":{"start":{"line":26,"column":0},"end":{"line":26,"column":45}},"15":{"start":{"line":27,"column":11},"end":{"line":27,"column":30}},"16":{"start":{"line":29,"column":0},"end":{"line":29,"column":39}},"17":{"start":{"line":30,"column":0},"end":{"line":30,"column":30}},"18":{"start":{"line":31,"column":0},"end":{"line":31,"column":65}},"19":{"start":{"line":33,"column":0},"end":{"line":56,"column":3}},"20":{"start":{"line":46,"column":4},"end":{"line":55,"column":5}},"21":{"start":{"line":47,"column":22},"end":{"line":49,"column":10}},"22":{"start":{"line":48,"column":12},"end":{"line":48,"column":22}},"23":{"start":{"line":51,"column":8},"end":{"line":51,"column":38}},"24":{"start":{"line":53,"column":8},"end":{"line":53,"column":25}},"25":{"start":{"line":54,"column":8},"end":{"line":54,"column":43}},"26":{"start":{"line":58,"column":0},"end":{"line":109,"column":3}},"27":{"start":{"line":59,"column":4},"end":{"line":108,"column":5}},"28":{"start":{"line":60,"column":8},"end":{"line":62,"column":9}},"29":{"start":{"line":61,"column":12},"end":{"line":61,"column":58}},"30":{"start":{"line":64,"column":21},"end":{"line":67,"column":9}},"31":{"start":{"line":69,"column":24},"end":{"line":69,"column":52}},"32":{"start":{"line":70,"column":20},"end":{"line":70,"column":70}},"33":{"start":{"line":72,"column":8},"end":{"line":104,"column":11}},"34":{"start":{"line":74,"column":16},"end":{"line":74,"column":42}},"35":{"start":{"line":78,"column":16},"end":{"line":102,"column":17}},"36":{"start":{"line":79,"column":33},"end":{"line":81,"column":22}},"37":{"start":{"line":80,"column":24},"end":{"line":80,"column":34}},"38":{"start":{"line":83,"column":20},"end":{"line":94,"column":21}},"39":{"start":{"line":84,"column":24},"end":{"line":84,"column":58}},"40":{"start":{"line":86,"column":24},"end":{"line":93,"column":68}},"41":{"start":{"line":93,"column":40},"end":{"line":93,"column":65}},"42":{"start":{"line":96,"column":20},"end":{"line":96,"column":37}},"43":{"start":{"line":97,"column":20},"end":{"line":101,"column":21}},"44":{"start":{"line":98,"column":24},"end":{"line":98,"column":104}},"45":{"start":{"line":100,"column":24},"end":{"line":100,"column":116}},"46":{"start":{"line":106,"column":8},"end":{"line":106,"column":25}},"47":{"start":{"line":107,"column":8},"end":{"line":107,"column":43}},"48":{"start":{"line":112,"column":0},"end":{"line":112,"column":67}},"49":{"start":{"line":113,"column":0},"end":{"line":115,"column":3}},"50":{"start":{"line":114,"column":4},"end":{"line":114,"column":44}},"51":{"start":{"line":118,"column":0},"end":{"line":126,"column":3}},"52":{"start":{"line":119,"column":4},"end":{"line":124,"column":6}},"53":{"start":{"line":121,"column":12},"end":{"line":121,"column":73}},"54":{"start":{"line":122,"column":12},"end":{"line":122,"column":28}},"55":{"start":{"line":125,"column":4},"end":{"line":125,"column":20}},"56":{"start":{"line":129,"column":0},"end":{"line":129,"column":46}},"57":{"start":{"line":130,"column":13},"end":{"line":130,"column":29}},"58":{"start":{"line":132,"column":0},"end":{"line":135,"column":2}},"59":{"start":{"line":133,"column":4},"end":{"line":133,"column":32}},"60":{"start":{"line":134,"column":4},"end":{"line":134,"column":19}},"61":{"start":{"line":137,"column":0},"end":{"line":137,"column":21}}},"fnMap":{"0":{"name":"(anonymous_0)","decl":{"start":{"line":33,"column":18},"end":{"line":33,"column":19}},"loc":{"start":{"line":33,"column":42},"end":{"line":56,"column":1}},"line":33},"1":{"name":"(anonymous_1)","decl":{"start":{"line":47,"column":49},"end":{"line":47,"column":50}},"loc":{"start":{"line":47,"column":58},"end":{"line":49,"column":9}},"line":47},"2":{"name":"(anonymous_2)","decl":{"start":{"line":58,"column":22},"end":{"line":58,"column":23}},"loc":{"start":{"line":58,"column":46},"end":{"line":109,"column":1}},"line":58},"3":{"name":"(anonymous_3)","decl":{"start":{"line":73,"column":33},"end":{"line":73,"column":34}},"loc":{"start":{"line":73,"column":39},"end":{"line":75,"column":13}},"line":73},"4":{"name":"(anonymous_4)","decl":{"start":{"line":77,"column":26},"end":{"line":77,"column":27}},"loc":{"start":{"line":77,"column":38},"end":{"line":103,"column":13}},"line":77},"5":{"name":"(anonymous_5)","decl":{"start":{"line":79,"column":80},"end":{"line":79,"column":81}},"loc":{"start":{"line":79,"column":89},"end":{"line":81,"column":21}},"line":79},"6":{"name":"(anonymous_6)","decl":{"start":{"line":93,"column":33},"end":{"line":93,"column":34}},"loc":{"start":{"line":93,"column":39},"end":{"line":93,"column":66}},"line":93},"7":{"name":"(anonymous_7)","decl":{"start":{"line":113,"column":18},"end":{"line":113,"column":19}},"loc":{"start":{"line":113,"column":24},"end":{"line":115,"column":1}},"line":113},"8":{"name":"(anonymous_8)","decl":{"start":{"line":118,"column":21},"end":{"line":118,"column":22}},"loc":{"start":{"line":118,"column":31},"end":{"line":126,"column":1}},"line":118},"9":{"name":"(anonymous_9)","decl":{"start":{"line":120,"column":8},"end":{"line":120,"column":9}},"loc":{"start":{"line":120,"column":14},"end":{"line":123,"column":9}},"line":120},"10":{"name":"(anonymous_10)","decl":{"start":{"line":132,"column":18},"end":{"line":132,"column":19}},"loc":{"start":{"line":132,"column":24},"end":{"line":135,"column":1}},"line":132}},"branchMap":{"0":{"loc":{"start":{"line":11,"column":13},"end":{"line":11,"column":39}},"type":"binary-expr","locations":[{"start":{"line":11,"column":13},"end":{"line":11,"column":29}},{"start":{"line":11,"column":33},"end":{"line":11,"column":39}}],"line":11},"1":{"loc":{"start":{"line":60,"column":8},"end":{"line":62,"column":9}},"type":"if","locations":[{"start":{"line":60,"column":8},"end":{"line":62,"column":9}},{"start":{},"end":{}}],"line":60},"2":{"loc":{"start":{"line":83,"column":20},"end":{"line":94,"column":21}},"type":"if","locations":[{"start":{"line":83,"column":20},"end":{"line":94,"column":21}},{"start":{"line":85,"column":25},"end":{"line":94,"column":21}}],"line":83},"3":{"loc":{"start":{"line":97,"column":20},"end":{"line":101,"column":21}},"type":"if","locations":[{"start":{"line":97,"column":20},"end":{"line":101,"column":21}},{"start":{"line":99,"column":25},"end":{"line":101,"column":21}}],"line":97}},"s":{"0":1,"1":1,"2":1,"3":1,"4":1,"5":1,"6":1,"7":1,"8":1,"9":1,"10":1,"11":1,"12":1,"13":1,"14":1,"15":1,"16":1,"17":1,"18":1,"19":1,"20":2,"21":2,"22":0,"23":1,"24":1,"25":1,"26":1,"27":3,"28":3,"29":0,"30":3,"31":3,"32":3,"33":3,"34":1,"35":2,"36":2,"37":0,"38":1,"39":1,"40":0,"41":0,"42":2,"43":2,"44":1,"45":1,"46":0,"47":0,"48":1,"49":1,"50":0,"51":1,"52":0,"53":0,"54":0,"55":0,"56":1,"57":1,"58":1,"59":1,"60":1,"61":1},"f":{"0":2,"1":0,"2":3,"3":1,"4":2,"5":0,"6":0,"7":0,"8":0,"9":0,"10":1},"b":{"0":[1,1],"1":[0,3],"2":[1,0],"3":[1,1]},"_coverageSchema":"1a1c01bbd47fc00a2c39e90264f33305004495a9","hash":"816e3c4d6fd5b858e9b843acddebc6b73df52163"}
,"C:\\Users\\JFangW\\Documents\\ShopMart-T\\Server\\models\\item.js": {"path":"C:\\Users\\JFangW\\Documents\\ShopMart-T\\Server\\models\\item.js","statementMap":{"0":{"start":{"line":1,"column":17},"end":{"line":1,"column":36}},"1":{"start":{"line":3,"column":17},"end":{"line":33,"column":2}},"2":{"start":{"line":35,"column":0},"end":{"line":35,"column":53}}},"fnMap":{},"branchMap":{},"s":{"0":1,"1":1,"2":1},"f":{},"b":{},"_coverageSchema":"1a1c01bbd47fc00a2c39e90264f33305004495a9","hash":"31b7ceeecd93b845f67902666406e1e189d174ba"}
}
