TN:
SF:server.js
FN:40,(anonymous_0)
FN:54,(anonymous_1)
FN:65,(anonymous_2)
FN:92,(anonymous_3)
FN:97,(anonymous_4)
FN:99,(anonymous_5)
FN:131,(anonymous_6)
FN:161,(anonymous_7)
FN:174,(anonymous_8)
FN:189,(anonymous_9)
FN:203,(anonymous_10)
FN:214,(anonymous_11)
FN:225,(anonymous_12)
FN:240,(anonymous_13)
FN:261,(anonymous_14)
FN:266,(anonymous_15)
FN:281,(anonymous_16)
FN:321,(anonymous_17)
FN:336,(anonymous_18)
FN:353,(anonymous_19)
FN:358,(anonymous_20)
FN:360,(anonymous_21)
FN:372,(anonymous_22)
FNF:23
FNH:9
FNDA:2,(anonymous_0)
FNDA:0,(anonymous_1)
FNDA:3,(anonymous_2)
FNDA:1,(anonymous_3)
FNDA:2,(anonymous_4)
FNDA:0,(anonymous_5)
FNDA:5,(anonymous_6)
FNDA:0,(anonymous_7)
FNDA:0,(anonymous_8)
FNDA:3,(anonymous_9)
FNDA:0,(anonymous_10)
FNDA:0,(anonymous_11)
FNDA:4,(anonymous_12)
FNDA:0,(anonymous_13)
FNDA:0,(anonymous_14)
FNDA:0,(anonymous_15)
FNDA:4,(anonymous_16)
FNDA:0,(anonymous_17)
FNDA:0,(anonymous_18)
FNDA:0,(anonymous_19)
FNDA:0,(anonymous_20)
FNDA:0,(anonymous_21)
FNDA:1,(anonymous_22)
DA:1,1
DA:2,1
DA:3,1
DA:4,1
DA:5,1
DA:6,1
DA:7,1
DA:8,1
DA:10,1
DA:12,1
DA:13,1
DA:14,1
DA:16,1
DA:17,1
DA:18,1
DA:19,1
DA:21,1
DA:29,1
DA:30,1
DA:32,1
DA:33,1
DA:34,1
DA:36,1
DA:37,1
DA:38,1
DA:40,1
DA:53,2
DA:54,2
DA:55,0
DA:58,1
DA:60,1
DA:61,1
DA:65,1
DA:79,3
DA:80,3
DA:81,0
DA:84,3
DA:88,3
DA:89,3
DA:91,3
DA:93,1
DA:94,1
DA:98,2
DA:99,2
DA:100,0
DA:103,1
DA:104,1
DA:106,0
DA:116,2
DA:117,2
DA:118,1
DA:120,1
DA:126,0
DA:127,0
DA:131,1
DA:145,5
DA:146,5
DA:155,5
DA:156,20
DA:157,2
DA:161,3
DA:162,0
DA:165,2
DA:172,2
DA:174,2
DA:175,0
DA:178,1
DA:180,4
DA:181,4
DA:182,2
DA:184,2
DA:189,1
DA:202,3
DA:203,3
DA:204,0
DA:207,2
DA:212,2
DA:214,2
DA:215,0
DA:218,1
DA:220,2
DA:221,2
DA:225,1
DA:239,4
DA:240,4
DA:241,0
DA:243,3
DA:244,3
DA:246,3
DA:247,7
DA:248,4
DA:249,1
DA:251,3
DA:256,2
DA:257,3
DA:262,0
DA:266,1
DA:267,0
DA:270,1
DA:272,3
DA:273,3
DA:274,1
DA:276,2
DA:281,1
DA:295,4
DA:296,4
DA:297,7
DA:298,1
DA:302,3
DA:311,3
DA:322,0
DA:325,2
DA:326,0
DA:333,0
DA:336,2
DA:337,0
DA:340,1
DA:342,3
DA:343,3
DA:344,1
DA:346,2
DA:352,1
DA:353,1
DA:354,0
DA:358,1
DA:359,0
DA:361,0
DA:362,0
DA:365,0
DA:369,1
DA:370,1
DA:372,1
DA:373,1
DA:374,1
DA:377,1
LF:135
LH:113
BRDA:14,0,0,1
BRDA:14,0,1,1
BRDA:80,1,0,0
BRDA:80,1,1,3
BRDA:103,2,0,1
BRDA:103,2,1,0
BRDA:117,3,0,1
BRDA:117,3,1,1
BRDA:156,4,0,2
BRDA:156,4,1,18
BRDA:156,5,0,20
BRDA:156,5,1,19
BRDA:181,6,0,2
BRDA:181,6,1,2
BRDA:247,7,0,4
BRDA:247,7,1,3
BRDA:248,8,0,1
BRDA:248,8,1,3
BRDA:273,9,0,1
BRDA:273,9,1,2
BRDA:297,10,0,1
BRDA:297,10,1,6
BRDA:325,11,0,0
BRDA:325,11,1,2
BRDA:343,12,0,1
BRDA:343,12,1,2
BRF:26
BRH:23
end_of_record
TN:
SF:models\item.js
FNF:0
FNH:0
DA:1,1
DA:3,1
DA:35,1
LF:3
LH:3
BRF:0
BRH:0
end_of_record
