TN:
SF:server.js
FN:33,(anonymous_0)
FN:47,(anonymous_1)
FN:58,(anonymous_2)
FN:73,(anonymous_3)
FN:77,(anonymous_4)
FN:79,(anonymous_5)
FN:93,(anonymous_6)
FN:113,(anonymous_7)
FN:118,(anonymous_8)
FN:120,(anonymous_9)
FN:132,(anonymous_10)
FNF:11
FNH:5
FNDA:2,(anonymous_0)
FNDA:0,(anonymous_1)
FNDA:3,(anonymous_2)
FNDA:1,(anonymous_3)
FNDA:2,(anonymous_4)
FNDA:0,(anonymous_5)
FNDA:0,(anonymous_6)
FNDA:0,(anonymous_7)
FNDA:0,(anonymous_8)
FNDA:0,(anonymous_9)
FNDA:1,(anonymous_10)
DA:1,1
DA:2,1
DA:3,1
DA:4,1
DA:5,1
DA:6,1
DA:8,1
DA:10,1
DA:11,1
DA:13,1
DA:14,1
DA:15,1
DA:16,1
DA:18,1
DA:26,1
DA:27,1
DA:29,1
DA:30,1
DA:31,1
DA:33,1
DA:46,2
DA:47,2
DA:48,0
DA:51,1
DA:53,1
DA:54,1
DA:58,1
DA:59,3
DA:60,3
DA:61,0
DA:64,3
DA:69,3
DA:70,3
DA:72,3
DA:74,1
DA:78,2
DA:79,2
DA:80,0
DA:83,1
DA:84,1
DA:86,0
DA:93,0
DA:96,2
DA:97,2
DA:98,1
DA:100,1
DA:106,0
DA:107,0
DA:112,1
DA:113,1
DA:114,0
DA:118,1
DA:119,0
DA:121,0
DA:122,0
DA:125,0
DA:129,1
DA:130,1
DA:132,1
DA:133,1
DA:134,1
DA:137,1
LF:62
LH:50
BRDA:11,0,0,1
BRDA:11,0,1,1
BRDA:60,1,0,0
BRDA:60,1,1,3
BRDA:83,2,0,1
BRDA:83,2,1,0
BRDA:97,3,0,1
BRDA:97,3,1,1
BRF:8
BRH:6
end_of_record
TN:
SF:models\item.js
FNF:0
FNH:0
DA:1,1
DA:3,1
DA:35,1
LF:3
LH:3
BRF:0
BRH:0
end_of_record
